[duruthemes.com/demo/html/olivia-enrico/demo1/index.html]
[backblue.gif]
[fade.gif]
[index.html]
[duruthemes.com/demo/html/olivia-enrico/demo1/images/favicon.png]
[duruthemes.com/demo/html/olivia-enrico/demo1/css/animate.css]
[duruthemes.com/demo/html/olivia-enrico/demo1/css/themify-icons.css]
[duruthemes.com/demo/html/olivia-enrico/demo1/css/bootstrap.min.css]
[duruthemes.com/demo/html/olivia-enrico/demo1/css/magnific-popup.css]
[duruthemes.com/demo/html/olivia-enrico/demo1/css/owl.carousel.min.css]
[duruthemes.com/demo/html/olivia-enrico/demo1/css/owl.theme.default.min.css]
[duruthemes.com/demo/html/olivia-enrico/demo1/css/style.css]
[duruthemes.com/demo/html/olivia-enrico/demo1/images/logo.png]
[duruthemes.com/demo/html/olivia-enrico/demo1/blog.html]
[duruthemes.com/demo/html/olivia-enrico/demo1/images/slider.jpg]
[duruthemes.com/demo/html/olivia-enrico/demo1/images/bride.jpg]
[duruthemes.com/demo/html/olivia-enrico/demo1/images/groom.jpg]
[duruthemes.com/demo/html/olivia-enrico/demo1/images/banner-1.jpg]
[duruthemes.com/demo/html/olivia-enrico/demo1/images/story.jpg]
[duruthemes.com/demo/html/olivia-enrico/demo1/images/wedding-logo.png]
[duruthemes.com/demo/html/olivia-enrico/demo1/images/friends/b1.jpg]
[duruthemes.com/demo/html/olivia-enrico/demo1/images/friends/w1.jpg]
[duruthemes.com/demo/html/olivia-enrico/demo1/images/friends/b2.jpg]
[duruthemes.com/demo/html/olivia-enrico/demo1/images/friends/w2.jpg]
[duruthemes.com/demo/html/olivia-enrico/demo1/images/friends/b3.jpg]
[duruthemes.com/demo/html/olivia-enrico/demo1/images/friends/w3.jpg]
[duruthemes.com/demo/html/olivia-enrico/demo1/images/banner-3.jpg]
[duruthemes.com/demo/html/olivia-enrico/demo1/images/gallery/1.jpg]
[duruthemes.com/demo/html/olivia-enrico/demo1/images/gallery/2.jpg]
[duruthemes.com/demo/html/olivia-enrico/demo1/images/gallery/3.jpg]
[duruthemes.com/demo/html/olivia-enrico/demo1/images/gallery/4.jpg]
[duruthemes.com/demo/html/olivia-enrico/demo1/images/gallery/5.jpg]
[duruthemes.com/demo/html/olivia-enrico/demo1/images/gallery/6.jpg]
[duruthemes.com/demo/html/olivia-enrico/demo1/images/whenwhere/3.jpg]
[duruthemes.com/demo/html/olivia-enrico/demo1/images/whenwhere/1.jpg]
[duruthemes.com/demo/html/olivia-enrico/demo1/images/whenwhere/2.jpg]
[duruthemes.com/demo/html/olivia-enrico/demo1/images/banner-2.jpg]
[duruthemes.com/demo/html/olivia-enrico/demo1/images/gift/1.jpg]
[duruthemes.com/demo/html/olivia-enrico/demo1/images/gift/2.jpg]
[duruthemes.com/demo/html/olivia-enrico/demo1/images/gift/3.jpg]
[duruthemes.com/demo/html/olivia-enrico/demo1/images/gift/4.jpg]
[duruthemes.com/demo/html/olivia-enrico/demo1/images/gift/5.jpg]
[duruthemes.com/demo/html/olivia-enrico/demo1/images/gift/6.jpg]
[duruthemes.com/demo/html/olivia-enrico/demo1/js/jquery.min.js]
[duruthemes.com/demo/html/olivia-enrico/demo1/js/modernizr-2.6.2.min.js]
[duruthemes.com/demo/html/olivia-enrico/demo1/js/jquery.easing.1.3.js]
[duruthemes.com/demo/html/olivia-enrico/demo1/js/bootstrap.min.js]
[duruthemes.com/demo/html/olivia-enrico/demo1/js/jquery.waypoints.min.js]
[duruthemes.com/demo/html/olivia-enrico/demo1/js/sticky-kit.min.js]
[duruthemes.com/demo/html/olivia-enrico/demo1/js/isotope.js]
[duruthemes.com/demo/html/olivia-enrico/demo1/js/jquery.magnific-popup.min.js]
[duruthemes.com/demo/html/olivia-enrico/demo1/js/owl.carousel.min.js]
[duruthemes.com/demo/html/olivia-enrico/demo1/index.html]
[duruthemes.com/demo/html/olivia-enrico/demo1/css/animate.css]
[duruthemes.com/demo/html/olivia-enrico/demo1/js/main.js]
[duruthemes.com/demo/html/olivia-enrico/demo1/fonts/themify.eot]
[duruthemes.com/demo/html/olivia-enrico/demo1/fonts/themifyd41d.eot]
[duruthemes.com/demo/html/olivia-enrico/demo1/fonts/themify.woff]
[duruthemes.com/demo/html/olivia-enrico/demo1/fonts/themify.ttf]
[duruthemes.com/demo/html/olivia-enrico/demo1/css/themify-icons.css]
[duruthemes.com/demo/html/olivia-enrico/demo1/css/bootstrap.min.css]
[duruthemes.com/demo/html/olivia-enrico/demo1/css/magnific-popup.css]
[duruthemes.com/demo/html/olivia-enrico/demo1/css/owl.carousel.min.css]
[duruthemes.com/demo/html/olivia-enrico/demo1/css/owl.theme.default.min.css]
[duruthemes.com/demo/html/olivia-enrico/demo1/fonts/themify.svg]
[duruthemes.com/demo/html/olivia-enrico/demo1/images/dots.png]
[duruthemes.com/demo/html/olivia-enrico/demo1/css/style.css]
[duruthemes.com/demo/html/olivia-enrico/demo1/post.html]
[duruthemes.com/demo/html/olivia-enrico/demo1/images/blog/1.jpg]
[duruthemes.com/demo/html/olivia-enrico/demo1/images/blog/3.jpg]
[duruthemes.com/demo/html/olivia-enrico/demo1/images/blog/2.jpg]
[duruthemes.com/demo/html/olivia-enrico/demo1/blog.html]
[duruthemes.com/demo/html/olivia-enrico/demo1/fonts/themify.svg]
[duruthemes.com/demo/html/olivia-enrico/demo1/css/owl.video.play.html]
[duruthemes.com/demo/html/olivia-enrico/demo1/images/blog/people.png]
[duruthemes.com/demo/html/olivia-enrico/demo1/post.html]
